{"level":"\u001b[32minfo\u001b[39m","message":"info log::1 - - [19/Jul/2025:10:36:41 +0000] \"GET /api/data HTTP/1.1\" 200 891480 \"-\" \"PostmanRuntime/7.44.1\"\n","timestamp":"2025-07-19T10:36:41.951Z"}
{"level":"\u001b[32minfo\u001b[39m","message":"info log::1 - - [19/Jul/2025:10:43:31 +0000] \"GET /api/data HTTP/1.1\" 200 891480 \"-\" \"PostmanRuntime/7.44.1\"\n","timestamp":"2025-07-19T10:43:31.338Z"}
{"level":"\u001b[32minfo\u001b[39m","message":"info log::1 - - [19/Jul/2025:10:46:02 +0000] \"GET /api/data HTTP/1.1\" 200 891480 \"-\" \"PostmanRuntime/7.44.1\"\n","timestamp":"2025-07-19T10:46:02.650Z"}
{"level":"\u001b[32minfo\u001b[39m","message":"","timestamp":"2025-07-19T10:48:03.214Z"}
{"level":"\u001b[32minfo\u001b[39m","message":"info log::1 - - [19/Jul/2025:10:48:03 +0000] \"GET /api/data HTTP/1.1\" 200 891480 \"-\" \"PostmanRuntime/7.44.1\"\n","timestamp":"2025-07-19T10:48:03.340Z"}
{"level":"\u001b[32minfo\u001b[39m","message":""}
{"level":"\u001b[32minfo\u001b[39m","message":"info log::1 - - [19/Jul/2025:10:49:13 +0000] \"GET /api/data HTTP/1.1\" 200 891480 \"-\" \"PostmanRuntime/7.44.1\"\n"}
{"level":"\u001b[32minfo\u001b[39m","message":"cache hit"}
{"level":"\u001b[32minfo\u001b[39m","message":"cache hit"}
{"level":"\u001b[32minfo\u001b[39m","message":"info log::1 - - [19/Jul/2025:10:51:36 +0000] \"GET /api/data HTTP/1.1\" 200 891480 \"-\" \"PostmanRuntime/7.44.1\"\n"}
{"level":"\u001b[32minfo\u001b[39m","message":"info log::1 - - [19/Jul/2025:17:46:51 +0000] \"GET /api/audio HTTP/1.1\" 200 284 \"-\" \"PostmanRuntime/7.44.1\"\n"}
{"level":"\u001b[32minfo\u001b[39m","message":"info log::1 - - [19/Jul/2025:17:47:22 +0000] \"POST /api/register HTTP/1.1\" 201 57 \"-\" \"PostmanRuntime/7.44.1\"\n"}
{"level":"\u001b[32minfo\u001b[39m","message":"info log::1 - - [19/Jul/2025:17:47:40 +0000] \"POST /api/login HTTP/1.1\" 401 55 \"-\" \"PostmanRuntime/7.44.1\"\n"}
{"level":"\u001b[32minfo\u001b[39m","message":"info log::1 - - [19/Jul/2025:17:47:59 +0000] \"POST /api/login HTTP/1.1\" 200 251 \"-\" \"PostmanRuntime/7.44.1\"\n"}
{"level":"\u001b[32minfo\u001b[39m","message":"info log::1 - - [19/Jul/2025:17:48:28 +0000] \"GET /api/profile HTTP/1.1\" 200 83 \"-\" \"PostmanRuntime/7.44.1\"\n"}
{"level":"\u001b[32minfo\u001b[39m","message":"info log::1 - - [19/Jul/2025:17:49:08 +0000] \"PUT /api/profile HTTP/1.1\" 500 672 \"-\" \"PostmanRuntime/7.44.1\"\n"}
{"level":"\u001b[32minfo\u001b[39m","message":"info log::1 - - [19/Jul/2025:17:49:42 +0000] \"PUT /api/profile HTTP/1.1\" 200 39 \"-\" \"PostmanRuntime/7.44.1\"\n"}
{"level":"\u001b[32minfo\u001b[39m","message":"info log::1 - - [19/Jul/2025:17:49:49 +0000] \"GET /api/profile HTTP/1.1\" 200 83 \"-\" \"PostmanRuntime/7.44.1\"\n"}
{"level":"\u001b[32minfo\u001b[39m","message":"info log::1 - - [19/Jul/2025:17:49:54 +0000] \"GET /api/profile HTTP/1.1\" 200 83 \"-\" \"PostmanRuntime/7.44.1\"\n"}
{"level":"\u001b[32minfo\u001b[39m","message":"info log::1 - - [19/Jul/2025:17:50:26 +0000] \"PUT /api/profile HTTP/1.1\" 200 39 \"-\" \"PostmanRuntime/7.44.1\"\n"}
{"level":"\u001b[32minfo\u001b[39m","message":"info log::1 - - [19/Jul/2025:17:50:31 +0000] \"GET /api/profile HTTP/1.1\" 200 83 \"-\" \"PostmanRuntime/7.44.1\"\n"}
{"level":"\u001b[32minfo\u001b[39m","message":"info log::1 - - [19/Jul/2025:17:51:27 +0000] \"GET /api/profile HTTP/1.1\" 200 83 \"-\" \"PostmanRuntime/7.44.1\"\n"}
{"level":"\u001b[32minfo\u001b[39m","message":"info log::1 - - [19/Jul/2025:17:52:29 +0000] \"GET /api/profile HTTP/1.1\" 200 83 \"-\" \"PostmanRuntime/7.44.1\"\n"}
{"level":"\u001b[32minfo\u001b[39m","message":"info log::1 - - [19/Jul/2025:17:52:35 +0000] \"PUT /api/profile HTTP/1.1\" 200 39 \"-\" \"PostmanRuntime/7.44.1\"\n"}
{"level":"\u001b[32minfo\u001b[39m","message":"info log::1 - - [19/Jul/2025:17:53:42 +0000] \"PUT /api/profile HTTP/1.1\" 200 39 \"-\" \"PostmanRuntime/7.44.1\"\n"}
{"level":"\u001b[32minfo\u001b[39m","message":"info log::1 - - [19/Jul/2025:17:54:25 +0000] \"PUT /api/profile HTTP/1.1\" 200 39 \"-\" \"PostmanRuntime/7.44.1\"\n"}
{"level":"\u001b[32minfo\u001b[39m","message":"info log::1 - - [19/Jul/2025:17:55:38 +0000] \"PUT /api/profile HTTP/1.1\" 200 39 \"-\" \"PostmanRuntime/7.44.1\"\n"}
{"level":"\u001b[32minfo\u001b[39m","message":"info log::1 - - [19/Jul/2025:17:55:53 +0000] \"GET /api/profile HTTP/1.1\" 200 83 \"-\" \"PostmanRuntime/7.44.1\"\n"}
{"level":"\u001b[32minfo\u001b[39m","message":"info log::1 - - [19/Jul/2025:17:56:31 +0000] \"PUT /api/profile HTTP/1.1\" 200 39 \"-\" \"PostmanRuntime/7.44.1\"\n"}
{"level":"\u001b[32minfo\u001b[39m","message":"info log::1 - - [19/Jul/2025:17:56:37 +0000] \"GET /api/profile HTTP/1.1\" 200 171 \"-\" \"PostmanRuntime/7.44.1\"\n"}
{"level":"\u001b[32minfo\u001b[39m","message":"info log::1 - - [19/Jul/2025:17:58:12 +0000] \"POST /api/audio HTTP/1.1\" 201 232 \"-\" \"PostmanRuntime/7.44.1\"\n"}
{"level":"\u001b[32minfo\u001b[39m","message":"info log::1 - - [19/Jul/2025:17:59:48 +0000] \"GET /api/audio/mine HTTP/1.1\" 200 286 \"-\" \"PostmanRuntime/7.44.1\"\n"}
{"level":"\u001b[32minfo\u001b[39m","message":"info log::1 - - [19/Jul/2025:17:59:57 +0000] \"GET /api/audio HTTP/1.1\" 200 545 \"-\" \"PostmanRuntime/7.44.1\"\n"}
{"level":"\u001b[32minfo\u001b[39m","message":"info log::1 - - [19/Jul/2025:18:02:48 +0000] \"GET /api/audio HTTP/1.1\" 200 545 \"-\" \"PostmanRuntime/7.44.1\"\n"}
{"level":"\u001b[32minfo\u001b[39m","message":"info log::1 - - [19/Jul/2025:18:04:16 +0000] \"GET /api/audio HTTP/1.1\" 200 609 \"-\" \"PostmanRuntime/7.44.1\"\n"}
{"level":"\u001b[32minfo\u001b[39m","message":"info log::1 - - [19/Jul/2025:18:12:27 +0000] \"DELETE /api/audio/687b0f9cdcbac7dd556cf27e HTTP/1.1\" 403 42 \"-\" \"PostmanRuntime/7.44.1\"\n"}
{"level":"\u001b[32minfo\u001b[39m","message":"info log::1 - - [19/Jul/2025:18:12:52 +0000] \"DELETE /api/audio/687bdcb39104b67ecc74574b HTTP/1.1\" 200 55 \"-\" \"PostmanRuntime/7.44.1\"\n"}
